<?xml version="1.0" encoding="utf-8"?><testsuites name="pytest tests"><testsuite name="pytest" errors="0" failures="0" skipped="0" tests="34" time="1.368" timestamp="2026-07-17T12:33:06.849393+08:00" hostname="14.local"><testcase classname="site_tools.test_psu_b0_gate_a_attestation" name="test_cpu_numeric_evidence_satisfies_all_numeric_gates" time="0.021" /><testcase classname="site_tools.test_psu_b0_gate_a_attestation_mps" name="test_mps_factor_recurrence_matches_cpu_reference" time="0.241" /><testcase classname="site_tools.test_psu_b0_gate_a_attestation" name="test_config_is_truth_free_and_scope_limited" time="0.001" /><testcase classname="site_tools.test_psu_b0_factor_interfaces" name="test_trilinear_p_is_nonnegative_and_matches_dense_matrix" time="0.001" /><testcase classname="site_tools.test_psu_b0_factor_interfaces" name="test_trilinear_p_and_pt_pass_dot_product_identity_without_full_calls" time="0.000" /><testcase classname="demo_t16_operator.test_psu_b0_absolute_measurement_factor" name="test_cross_view_whitening_metadata_is_rejected[cross_view_covariance]" time="0.000" /><testcase classname="demo_t16_operator.test_psu_b0_absolute_measurement_factor" name="test_cross_view_whitening_metadata_is_rejected[cross_view_coupling]" time="0.000" /><testcase classname="demo_t16_operator.test_psu_b0_absolute_measurement_factor" name="test_contradictory_contract_vocabulary_is_rejected[whitening_block_scope-cross_view-exactly 'view_local']" time="0.000" /><testcase classname="demo_t16_operator.test_psu_b0_absolute_measurement_factor" name="test_contradictory_contract_vocabulary_is_rejected[independent_whitening_blocks-False-must be exactly True]" time="0.000" /><testcase classname="demo_t16_operator.test_psu_b0_absolute_measurement_factor" name="test_contradictory_contract_vocabulary_is_rejected[cross_view_covariance_supported-True-unsupported.*view-local]" time="0.000" /><testcase classname="demo_t16_operator.test_psu_b0_absolute_measurement_factor" name="test_contradictory_contract_vocabulary_is_rejected[cross_view_coupling_supported-True-unsupported.*view-local]" time="0.000" /><testcase classname="demo_t16_operator.test_psu_b0_signed_factor_majorizer" name="test_tiny_nonzero_coupling_is_retained_and_tolerance_is_rejected" time="0.002" /><testcase classname="demo_t16_operator.test_psu_b0_signed_factor_majorizer" name="test_zero_rows_sites_and_primal_columns_are_eliminated_without_infinity" time="0.000" /><testcase classname="demo_t16_operator.test_psu_b0_signed_factor_majorizer" name="test_lambda_zero_data_only_is_finite_and_uses_empty_tv_dual" time="0.000" /><testcase classname="demo_t16_operator.test_psu_b0_factor_majorizer_pipeline" name="test_six_step_production_recurrence_matches_site_major_dense_oracle" time="0.161" /><testcase classname="demo_t16_operator.test_psu_b0_factor_majorizer_pipeline" name="test_contract_validation_and_setup_signature_fail_closed" time="0.001" /><testcase classname="demo_t16_operator.test_psu_b0_factor_majorizer_pipeline" name="test_setup_rejects_multiple_measurement_scale_instances" time="0.001" /><testcase classname="demo_t16_operator.test_psu_b0_factor_majorizer_pipeline" name="test_setup_rejects_subclasses_that_could_spoof_physical_ledgers[fixture_kwargs0]" time="0.001" /><testcase classname="demo_t16_operator.test_psu_b0_factor_majorizer_pipeline" name="test_setup_rejects_subclasses_that_could_spoof_physical_ledgers[fixture_kwargs1]" time="0.000" /><testcase classname="demo_t16_operator.test_psu_b0_factor_majorizer_pipeline" name="test_solver_rejects_factor_mutation_after_setup[False]" time="0.002" /><testcase classname="demo_t16_operator.test_psu_b0_factor_majorizer_pipeline" name="test_solver_rejects_factor_mutation_after_setup[True]" time="0.001" /><testcase classname="demo_t16_operator.test_psu_b0_factor_majorizer_pipeline" name="test_solver_rejects_derived_setup_or_geometry_mutation[tau]" time="0.001" /><testcase classname="demo_t16_operator.test_psu_b0_factor_majorizer_pipeline" name="test_solver_rejects_derived_setup_or_geometry_mutation[sigma_data]" time="0.001" /><testcase classname="demo_t16_operator.test_psu_b0_factor_majorizer_pipeline" name="test_solver_rejects_derived_setup_or_geometry_mutation[data_mask]" time="0.001" /><testcase classname="demo_t16_operator.test_psu_b0_factor_majorizer_pipeline" name="test_solver_rejects_derived_setup_or_geometry_mutation[active_primal_indices]" time="0.001" /><testcase classname="demo_t16_operator.test_psu_b0_factor_majorizer_pipeline" name="test_solver_rejects_derived_setup_or_geometry_mutation[pipeline_active_indices]" time="0.001" /><testcase classname="demo_t16_operator.test_psu_b0_factor_majorizer_pipeline" name="test_solver_rejects_derived_setup_or_geometry_mutation[voxel_spacing]" time="0.001" /><testcase classname="site_tools.test_psu_b0_gate_a_attestation" name="test_independent_numpy_oracle_has_frozen_matrices_and_trace" time="0.001" /><testcase classname="site_tools.test_psu_b0_gate_a_attestation" name="test_executed_repository_import_closure_is_source_fingerprinted" time="0.503" /><testcase classname="site_tools.test_psu_b0_gate_a_attestation" name="test_runner_config_loader_rejects_nonfinite_and_duplicate_keys[{&quot;value&quot;: NaN}-non-finite]" time="0.003" /><testcase classname="site_tools.test_psu_b0_gate_a_attestation" name="test_runner_config_loader_rejects_nonfinite_and_duplicate_keys[{&quot;value&quot;: 1, &quot;value&quot;: 2}-duplicate]" time="0.001" /><testcase classname="site_tools.test_psu_b0_gate_a_attestation" name="test_config_rejects_relaxed_threshold_or_test_manifest[relaxed_threshold]" time="0.001" /><testcase classname="site_tools.test_psu_b0_gate_a_attestation" name="test_config_rejects_relaxed_threshold_or_test_manifest[replaced_test]" time="0.001" /><testcase classname="site_tools.test_psu_b0_gate_a_attestation" name="test_config_rejects_relaxed_threshold_or_test_manifest[collapsed_e1_map]" time="0.001" /></testsuite></testsuites>